Flutter crash report.
Please report a bug at https://github.com/flutter/flutter/issues.

## command

flutter --no-color pub get

## exception

FileSystemException: FileSystemException: Deletion failed, path = 'F:\yangchaosheng\AndroidProjects\flutter_module\.android' (OS Error: 系统找不到指定的文件。
, errno = 2)

```
#0      _Directory._deleteSync (dart:io/directory_impl.dart:201:7)
#1      FileSystemEntity.deleteSync (dart:io/file_system_entity.dart:408:7)
#2      ForwardingFileSystemEntity.deleteSync (package:file/src/forwarding/forwarding_file_system_entity.dart:70:16)
#3      ErrorHandlingDirectory.deleteSync.<anonymous closure> (package:flutter_tools/src/base/error_handling_io.dart:459:22)
#4      _runSync (package:flutter_tools/src/base/error_handling_io.dart:556:14)
#5      ErrorHandlingDirectory.deleteSync (package:flutter_tools/src/base/error_handling_io.dart:458:12)
#6      _deleteIfExistsSync (package:flutter_tools/src/project.dart:1001:15)
#7      AndroidProject._regenerateLibrary (package:flutter_tools/src/project.dart:894:5)
#8      AndroidProject.ensureReadyForPlatformSpecificTooling (package:flutter_tools/src/project.dart:869:13)
#9      FlutterProject.ensureReadyForPlatformSpecificTooling (package:flutter_tools/src/project.dart:275:21)
<asynchronous suspension>
#10     PackagesGetCommand.runCommand (package:flutter_tools/src/commands/packages.dart:164:5)
<asynchronous suspension>
#11     FlutterCommand.verifyThenRunCommand (package:flutter_tools/src/runner/flutter_command.dart:1157:12)
<asynchronous suspension>
#12     FlutterCommand.run.<anonymous closure> (package:flutter_tools/src/runner/flutter_command.dart:1009:27)
<asynchronous suspension>
#13     AppContext.run.<anonymous closure> (package:flutter_tools/src/base/context.dart:150:19)
<asynchronous suspension>
#14     AppContext.run (package:flutter_tools/src/base/context.dart:149:12)
<asynchronous suspension>
#15     CommandRunner.runCommand (package:args/command_runner.dart:197:13)
<asynchronous suspension>
#16     FlutterCommandRunner.runCommand.<anonymous closure> (package:flutter_tools/src/runner/flutter_command_runner.dart:278:9)
<asynchronous suspension>
#17     AppContext.run.<anonymous closure> (package:flutter_tools/src/base/context.dart:150:19)
<asynchronous suspension>
#18     AppContext.run (package:flutter_tools/src/base/context.dart:149:12)
<asynchronous suspension>
#19     FlutterCommandRunner.runCommand (package:flutter_tools/src/runner/flutter_command_runner.dart:234:5)
<asynchronous suspension>
#20     run.<anonymous closure>.<anonymous closure> (package:flutter_tools/runner.dart:64:9)
<asynchronous suspension>
#21     run.<anonymous closure> (package:flutter_tools/runner.dart:62:12)
<asynchronous suspension>
#22     AppContext.run.<anonymous closure> (package:flutter_tools/src/base/context.dart:150:19)
<asynchronous suspension>
#23     AppContext.run (package:flutter_tools/src/base/context.dart:149:12)
<asynchronous suspension>
#24     runInContext (package:flutter_tools/src/context_runner.dart:73:10)
<asynchronous suspension>
#25     main (package:flutter_tools/executable.dart:90:3)
<asynchronous suspension>
```

## flutter doctor

```
[✓] Flutter (Channel stable, 2.0.5, on Microsoft Windows [Version 10.0.19042.1415], locale zh-CN)
    • Flutter version 2.0.5 at D:\flutter
    • Framework revision adc687823a (9 months ago), 2021-04-16 09:40:20 -0700
    • Engine revision b09f014e96
    • Dart version 2.12.3
    • Pub download mirror https://pub.flutter-io.cn
    • Flutter download mirror https://mirrors.sjtug.sjtu.edu.cn

[✓] Android toolchain - develop for Android devices (Android SDK version 30.0.3)
    • Android SDK at C:\Users\Hisense\AppData\Local\Android\Sdk
    • Platform android-30, build-tools 30.0.3
    • ANDROID_HOME = C:\Users\Hisense\AppData\Local\Android\Sdk
    • Java binary at: C:\Program Files\Java\jdk1.8.0_291\bin\java
    • Java version Java(TM) SE Runtime Environment (build 1.8.0_291-b10)
    • All Android licenses accepted.

[✓] Chrome - develop for the web
    • Chrome at C:\Program Files\Google\Chrome\Application\chrome.exe

[✓] Android Studio (version 4.1.0)
    • Android Studio at C:\Program Files\Android\Android Studio
    • Flutter plugin can be installed from:
      🔨 https://plugins.jetbrains.com/plugin/9212-flutter
    • Dart plugin can be installed from:
      🔨 https://plugins.jetbrains.com/plugin/6351-dart
    • Java version OpenJDK Runtime Environment (build 1.8.0_242-release-1644-b01)

[!] Android Studio
    • Android Studio at C:/ProgramFiles/Android/AndroidStudio
    • Flutter plugin can be installed from:
      🔨 https://plugins.jetbrains.com/plugin/9212-flutter
    • Dart plugin can be installed from:
      🔨 https://plugins.jetbrains.com/plugin/6351-dart
    ✗ android-studio-dir = C:/ProgramFiles/Android/AndroidStudio
    ✗ Android Studio not found at C:/ProgramFiles/Android/AndroidStudio
    • Try updating or re-installing Android Studio.
    • Consider removing your android-studio-dir setting by running:
      flutter config --android-studio-dir=

[✓] Connected device (4 available)
    • HNR550T (mobile)    • 20200707222133 • android-arm64  • Android 9 (API 28)
    • Hisense E9 (mobile) • 61d070b        • android-arm64  • Android 6.0.1 (API 23)
    • Chrome (web)        • chrome         • web-javascript • Google Chrome 97.0.4692.71
    • Edge (web)          • edge           • web-javascript • Microsoft Edge 96.0.1054.62

! Doctor found issues in 1 category.
```
